➜  sorting_algorithm git:(master) ✗ cargo test perf_quick_sort_average  --bin Quick_sort
   Compiling sorting_algorithm v0.1.0 (/home/frenzfries/dev/Algorithm_Lab_Tests/sorting_algorithm)
    Finished `test` profile [unoptimized + debuginfo] target(s) in 0.27s
     Running unittests src/quick_sort.rs (target/debug/deps/Quick_sort-6a9b43fe18cca1ff)

running 1 test
test tests::perf_quick_sort_average ... ok

test result: ok. 1 passed; 0 failed; 0 ignored; 0 measured; 5 filtered out; finished in 0.00s

➜  sorting_algorithm git:(master) ✗ cargo test perf_quick_sort_average  --bin Quick_sort
   Compiling sorting_algorithm v0.1.0 (/home/frenzfries/dev/Algorithm_Lab_Tests/sorting_algorithm)
    Finished `test` profile [unoptimized + debuginfo] target(s) in 0.27s
     Running unittests src/quick_sort.rs (target/debug/deps/Quick_sort-6a9b43fe18cca1ff)

running 1 test
test tests::perf_quick_sort_average ... ok

test result: ok. 1 passed; 0 failed; 0 ignored; 0 measured; 5 filtered out; finished in 0.00s

➜  sorting_algorithm git:(master) ✗ cargo test perf_quick_sort_average  --bin Quick_sort
   Compiling sorting_algorithm v0.1.0 (/home/frenzfries/dev/Algorithm_Lab_Tests/sorting_algorithm)
    Finished `test` profile [unoptimized + debuginfo] target(s) in 0.27s
     Running unittests src/quick_sort.rs (target/debug/deps/Quick_sort-6a9b43fe18cca1ff)

running 1 test
test tests::perf_quick_sort_average ... ok

test result: ok. 1 passed; 0 failed; 0 ignored; 0 measured; 5 filtered out; finished in 0.01s

➜  sorting_algorithm git:(master) ✗ cargo test perf_quick_sort_average  --bin Quick_sort
   Compiling sorting_algorithm v0.1.0 (/home/frenzfries/dev/Algorithm_Lab_Tests/sorting_algorithm)
    Finished `test` profile [unoptimized + debuginfo] target(s) in 0.27s
     Running unittests src/quick_sort.rs (target/debug/deps/Quick_sort-6a9b43fe18cca1ff)

running 1 test
test tests::perf_quick_sort_average ... ok

test result: ok. 1 passed; 0 failed; 0 ignored; 0 measured; 5 filtered out; finished in 0.07s

➜  sorting_algorithm git:(master) ✗ cargo test perf_quick_sort_average  --bin Quick_sort
   Compiling sorting_algorithm v0.1.0 (/home/frenzfries/dev/Algorithm_Lab_Tests/sorting_algorithm)
    Finished `test` profile [unoptimized + debuginfo] target(s) in 0.27s
     Running unittests src/quick_sort.rs (target/debug/deps/Quick_sort-6a9b43fe18cca1ff)

running 1 test
test tests::perf_quick_sort_average ... ok

test result: ok. 1 passed; 0 failed; 0 ignored; 0 measured; 5 filtered out; finished in 0.23s

➜  sorting_algorithm git:(master) ✗ cargo test perf_quick_sort_average  --bin Quick_sort
   Compiling sorting_algorithm v0.1.0 (/home/frenzfries/dev/Algorithm_Lab_Tests/sorting_algorithm)
    Finished `test` profile [unoptimized + debuginfo] target(s) in 0.26s
     Running unittests src/quick_sort.rs (target/debug/deps/Quick_sort-6a9b43fe18cca1ff)

running 1 test
test tests::perf_quick_sort_average ... ok

test result: ok. 1 passed; 0 failed; 0 ignored; 0 measured; 5 filtered out; finished in 0.33s

➜  sorting_algorithm git:(master) ✗ cargo test perf_quick_sort_average  --bin Quick_sort
   Compiling sorting_algorithm v0.1.0 (/home/frenzfries/dev/Algorithm_Lab_Tests/sorting_algorithm)
    Finished `test` profile [unoptimized + debuginfo] target(s) in 0.26s
     Running unittests src/quick_sort.rs (target/debug/deps/Quick_sort-6a9b43fe18cca1ff)

running 1 test
test tests::perf_quick_sort_average ... ok

test result: ok. 1 passed; 0 failed; 0 ignored; 0 measured; 5 filtered out; finished in 0.70s

➜  sorting_algorithm git:(master) ✗ cargo test perf_quick_sort_average  --bin Quick_sort
   Compiling sorting_algorithm v0.1.0 (/home/frenzfries/dev/Algorithm_Lab_Tests/sorting_algorithm)
    Finished `test` profile [unoptimized + debuginfo] target(s) in 0.27s
     Running unittests src/quick_sort.rs (target/debug/deps/Quick_sort-6a9b43fe18cca1ff)

running 1 test
test tests::perf_quick_sort_average ... ok

test result: ok. 1 passed; 0 failed; 0 ignored; 0 measured; 5 filtered out; finished in 1.14s

➜  sorting_algorithm git:(master) ✗ cargo test perf_quick_sort_average  --bin Quick_sort
   Compiling sorting_algorithm v0.1.0 (/home/frenzfries/dev/Algorithm_Lab_Tests/sorting_algorithm)
    Finished `test` profile [unoptimized + debuginfo] target(s) in 0.27s
     Running unittests src/quick_sort.rs (target/debug/deps/Quick_sort-6a9b43fe18cca1ff)

running 1 test
test tests::perf_quick_sort_average ... ok

test result: ok. 1 passed; 0 failed; 0 ignored; 0 measured; 5 filtered out; finished in 1.42s

➜  sorting_algorithm git:(master) ✗ cargo test perf_quick_sort_average  --bin Quick_sort
   Compiling sorting_algorithm v0.1.0 (/home/frenzfries/dev/Algorithm_Lab_Tests/sorting_algorithm)
    Finished `test` profile [unoptimized + debuginfo] target(s) in 0.26s
     Running unittests src/quick_sort.rs (target/debug/deps/Quick_sort-6a9b43fe18cca1ff)

running 1 test
test tests::perf_quick_sort_average ... ok

test result: ok. 1 passed; 0 failed; 0 ignored; 0 measured; 5 filtered out; finished in 2.14s

➜  sorting_algorithm git:(master) ✗ cargo test perf_quick_sort_average  --bin Quick_sort
   Compiling sorting_algorithm v0.1.0 (/home/frenzfries/dev/Algorithm_Lab_Tests/sorting_algorithm)
    Finished `test` profile [unoptimized + debuginfo] target(s) in 0.27s
     Running unittests src/quick_sort.rs (target/debug/deps/Quick_sort-6a9b43fe18cca1ff)

running 1 test
test tests::perf_quick_sort_average ... ok

test result: ok. 1 passed; 0 failed; 0 ignored; 0 measured; 5 filtered out; finished in 2.47s

➜  sorting_algorithm git:(master) ✗ cargo test perf_quick_sort_average  --bin Quick_sort
   Compiling sorting_algorithm v0.1.0 (/home/frenzfries/dev/Algorithm_Lab_Tests/sorting_algorithm)
    Finished `test` profile [unoptimized + debuginfo] target(s) in 0.27s
     Running unittests src/quick_sort.rs (target/debug/deps/Quick_sort-6a9b43fe18cca1ff)

running 1 test
test tests::perf_quick_sort_average ... ok

test result: ok. 1 passed; 0 failed; 0 ignored; 0 measured; 5 filtered out; finished in 2.76s

➜  sorting_algorithm git:(master) ✗ cargo test perf_quick_sort_average  --bin Quick_sort
   Compiling sorting_algorithm v0.1.0 (/home/frenzfries/dev/Algorithm_Lab_Tests/sorting_algorithm)
    Finished `test` profile [unoptimized + debuginfo] target(s) in 0.27s
     Running unittests src/quick_sort.rs (target/debug/deps/Quick_sort-6a9b43fe18cca1ff)

running 1 test
test tests::perf_quick_sort_average ... ok

test result: ok. 1 passed; 0 failed; 0 ignored; 0 measured; 5 filtered out; finished in 3.21s

➜  sorting_algorithm git:(master) ✗ cargo test perf_quick_sort_average  --bin Quick_sort
   Compiling sorting_algorithm v0.1.0 (/home/frenzfries/dev/Algorithm_Lab_Tests/sorting_algorithm)
    Finished `test` profile [unoptimized + debuginfo] target(s) in 0.27s
     Running unittests src/quick_sort.rs (target/debug/deps/Quick_sort-6a9b43fe18cca1ff)

running 1 test
test tests::perf_quick_sort_average ... ok

test result: ok. 1 passed; 0 failed; 0 ignored; 0 measured; 5 filtered out; finished in 4.01s

➜  sorting_algorithm git:(master) ✗ cargo test perf_quick_sort_average  --bin Quick_sort
   Compiling sorting_algorithm v0.1.0 (/home/frenzfries/dev/Algorithm_Lab_Tests/sorting_algorithm)
    Finished `test` profile [unoptimized + debuginfo] target(s) in 0.26s
     Running unittests src/quick_sort.rs (target/debug/deps/Quick_sort-6a9b43fe18cca1ff)

running 1 test
test tests::perf_quick_sort_average ... ok

test result: ok. 1 passed; 0 failed; 0 ignored; 0 measured; 5 filtered out; finished in 4.40s

➜  sorting_algorithm git:(master) ✗ cargo test perf_quick_sort_average  --bin Quick_sort
   Compiling sorting_algorithm v0.1.0 (/home/frenzfries/dev/Algorithm_Lab_Tests/sorting_algorithm)
    Finished `test` profile [unoptimized + debuginfo] target(s) in 0.27s
     Running unittests src/quick_sort.rs (target/debug/deps/Quick_sort-6a9b43fe18cca1ff)

running 1 test
test tests::perf_quick_sort_average ... ok

test result: ok. 1 passed; 0 failed; 0 ignored; 0 measured; 5 filtered out; finished in 4.84s

➜  sorting_algorithm git:(master) ✗ cargo test perf_quick_sort_average  --bin Quick_sort
   Compiling sorting_algorithm v0.1.0 (/home/frenzfries/dev/Algorithm_Lab_Tests/sorting_algorithm)
    Finished `test` profile [unoptimized + debuginfo] target(s) in 0.30s
     Running unittests src/quick_sort.rs (target/debug/deps/Quick_sort-6a9b43fe18cca1ff)

running 1 test
test tests::perf_quick_sort_average ... ok

test result: ok. 1 passed; 0 failed; 0 ignored; 0 measured; 5 filtered out; finished in 5.20s

➜  sorting_algorithm git:(master) ✗ cargo test perf_quick_sort_average  --bin Quick_sort
   Compiling sorting_algorithm v0.1.0 (/home/frenzfries/dev/Algorithm_Lab_Tests/sorting_algorithm)
    Finished `test` profile [unoptimized + debuginfo] target(s) in 0.26s
     Running unittests src/quick_sort.rs (target/debug/deps/Quick_sort-6a9b43fe18cca1ff)

running 1 test
test tests::perf_quick_sort_average ... ok

test result: ok. 1 passed; 0 failed; 0 ignored; 0 measured; 5 filtered out; finished in 5.27s

➜  sorting_algorithm git:(master) ✗ cargo test perf_quick_sort_average  --bin Quick_sort
   Compiling sorting_algorithm v0.1.0 (/home/frenzfries/dev/Algorithm_Lab_Tests/sorting_algorithm)
    Finished `test` profile [unoptimized + debuginfo] target(s) in 0.26s
     Running unittests src/quick_sort.rs (target/debug/deps/Quick_sort-6a9b43fe18cca1ff)

running 1 test
test tests::perf_quick_sort_average ... ok

test result: ok. 1 passed; 0 failed; 0 ignored; 0 measured; 5 filtered out; finished in 5.64s

➜  sorting_algorithm git:(master) ✗ cargo test perf_quick_sort_average  --bin Quick_sort
   Compiling sorting_algorithm v0.1.0 (/home/frenzfries/dev/Algorithm_Lab_Tests/sorting_algorithm)
    Finished `test` profile [unoptimized + debuginfo] target(s) in 0.26s
     Running unittests src/quick_sort.rs (target/debug/deps/Quick_sort-6a9b43fe18cca1ff)

running 1 test
test tests::perf_quick_sort_average ... ok

test result: ok. 1 passed; 0 failed; 0 ignored; 0 measured; 5 filtered out; finished in 6.42s

➜  sorting_algorithm git:(master) ✗ cargo test perf_quick_sort_average  --bin Quick_sort
   Compiling sorting_algorithm v0.1.0 (/home/frenzfries/dev/Algorithm_Lab_Tests/sorting_algorithm)
    Finished `test` profile [unoptimized + debuginfo] target(s) in 0.27s
     Running unittests src/quick_sort.rs (target/debug/deps/Quick_sort-6a9b43fe18cca1ff)

running 1 test
test tests::perf_quick_sort_average ... ok

test result: ok. 1 passed; 0 failed; 0 ignored; 0 measured; 5 filtered out; finished in 6.31s

➜  sorting_algorithm git:(master) ✗ cargo test perf_quick_sort_average  --bin Quick_sort
   Compiling sorting_algorithm v0.1.0 (/home/frenzfries/dev/Algorithm_Lab_Tests/sorting_algorithm)
    Finished `test` profile [unoptimized + debuginfo] target(s) in 0.27s
     Running unittests src/quick_sort.rs (target/debug/deps/Quick_sort-6a9b43fe18cca1ff)

running 1 test
test tests::perf_quick_sort_average ... ok

test result: ok. 1 passed; 0 failed; 0 ignored; 0 measured; 5 filtered out; finished in 7.98s

➜  sorting_algorithm git:(master) ✗ cargo test perf_quick_sort_average  --bin Quick_sort
   Compiling sorting_algorithm v0.1.0 (/home/frenzfries/dev/Algorithm_Lab_Tests/sorting_algorithm)
    Finished `test` profile [unoptimized + debuginfo] target(s) in 0.26s
     Running unittests src/quick_sort.rs (target/debug/deps/Quick_sort-6a9b43fe18cca1ff)

running 1 test
test tests::perf_quick_sort_average ... ok

test result: ok. 1 passed; 0 failed; 0 ignored; 0 measured; 5 filtered out; finished in 8.63s

➜  sorting_algorithm git:(master) ✗ cargo test perf_quick_sort_average  --bin Quick_sort
   Compiling sorting_algorithm v0.1.0 (/home/frenzfries/dev/Algorithm_Lab_Tests/sorting_algorithm)
    Finished `test` profile [unoptimized + debuginfo] target(s) in 0.27s
     Running unittests src/quick_sort.rs (target/debug/deps/Quick_sort-6a9b43fe18cca1ff)

running 1 test
test tests::perf_quick_sort_average ... ok

test result: ok. 1 passed; 0 failed; 0 ignored; 0 measured; 5 filtered out; finished in 8.83s

➜  sorting_algorithm git:(master) ✗ cargo test perf_quick_sort_average  --bin Quick_sort
   Compiling sorting_algorithm v0.1.0 (/home/frenzfries/dev/Algorithm_Lab_Tests/sorting_algorithm)
    Finished `test` profile [unoptimized + debuginfo] target(s) in 0.27s
     Running unittests src/quick_sort.rs (target/debug/deps/Quick_sort-6a9b43fe18cca1ff)

running 1 test
test tests::perf_quick_sort_average ... ok

test result: ok. 1 passed; 0 failed; 0 ignored; 0 measured; 5 filtered out; finished in 8.91s
